<?xml version="1.0" encoding="UTF-8"?>
<testsuite name="htw.berlin.webtech.surway.SurwayApplicationTests" tests="1" skipped="0" failures="0" errors="0" timestamp="2021-11-13T16:37:19" hostname="MacBook-Pro.fritz.box" time="0.354">
  <properties/>
  <testcase name="contextLoads()" classname="htw.berlin.webtech.surway.SurwayApplicationTests" time="0.354"/>
  <system-out><![CDATA[17:37:17.740 [Test worker] DEBUG org.springframework.test.context.BootstrapUtils - Instantiating CacheAwareContextLoaderDelegate from class [org.springframework.test.context.cache.DefaultCacheAwareContextLoaderDelegate]
17:37:17.749 [Test worker] DEBUG org.springframework.test.context.BootstrapUtils - Instantiating BootstrapContext using constructor [public org.springframework.test.context.support.DefaultBootstrapContext(java.lang.Class,org.springframework.test.context.CacheAwareContextLoaderDelegate)]
17:37:17.776 [Test worker] DEBUG org.springframework.test.context.BootstrapUtils - Instantiating TestContextBootstrapper for test class [htw.berlin.webtech.surway.SurwayApplicationTests] from class [org.springframework.boot.test.context.SpringBootTestContextBootstrapper]
17:37:17.786 [Test worker] INFO org.springframework.boot.test.context.SpringBootTestContextBootstrapper - Neither @ContextConfiguration nor @ContextHierarchy found for test class [htw.berlin.webtech.surway.SurwayApplicationTests], using SpringBootContextLoader
17:37:17.788 [Test worker] DEBUG org.springframework.test.context.support.AbstractContextLoader - Did not detect default resource location for test class [htw.berlin.webtech.surway.SurwayApplicationTests]: class path resource [htw/berlin/webtech/surway/SurwayApplicationTests-context.xml] does not exist
17:37:17.789 [Test worker] DEBUG org.springframework.test.context.support.AbstractContextLoader - Did not detect default resource location for test class [htw.berlin.webtech.surway.SurwayApplicationTests]: class path resource [htw/berlin/webtech/surway/SurwayApplicationTestsContext.groovy] does not exist
17:37:17.789 [Test worker] INFO org.springframework.test.context.support.AbstractContextLoader - Could not detect default resource locations for test class [htw.berlin.webtech.surway.SurwayApplicationTests]: no resource found for suffixes {-context.xml, Context.groovy}.
17:37:17.790 [Test worker] INFO org.springframework.test.context.support.AnnotationConfigContextLoaderUtils - Could not detect default configuration classes for test class [htw.berlin.webtech.surway.SurwayApplicationTests]: SurwayApplicationTests does not declare any static, non-private, non-final, nested classes annotated with @Configuration.
17:37:17.827 [Test worker] DEBUG org.springframework.test.context.support.ActiveProfilesUtils - Could not find an 'annotation declaring class' for annotation type [org.springframework.test.context.ActiveProfiles] and class [htw.berlin.webtech.surway.SurwayApplicationTests]
17:37:17.865 [Test worker] DEBUG org.springframework.context.annotation.ClassPathScanningCandidateComponentProvider - Identified candidate component class: file [/Users/martinkaehne/surway/build/classes/java/main/htw/berlin/webtech/surway/SurwayApplication.class]
17:37:17.866 [Test worker] INFO org.springframework.boot.test.context.SpringBootTestContextBootstrapper - Found @SpringBootConfiguration htw.berlin.webtech.surway.SurwayApplication for test class htw.berlin.webtech.surway.SurwayApplicationTests
17:37:17.940 [Test worker] DEBUG org.springframework.boot.test.context.SpringBootTestContextBootstrapper - @TestExecutionListeners is not present for class [htw.berlin.webtech.surway.SurwayApplicationTests]: using defaults.
17:37:17.940 [Test worker] INFO org.springframework.boot.test.context.SpringBootTestContextBootstrapper - Loaded default TestExecutionListener class names from location [META-INF/spring.factories]: [org.springframework.boot.test.autoconfigure.restdocs.RestDocsTestExecutionListener, org.springframework.boot.test.autoconfigure.web.client.MockRestServiceServerResetTestExecutionListener, org.springframework.boot.test.autoconfigure.web.servlet.MockMvcPrintOnlyOnFailureTestExecutionListener, org.springframework.boot.test.autoconfigure.web.servlet.WebDriverTestExecutionListener, org.springframework.boot.test.autoconfigure.webservices.client.MockWebServiceServerTestExecutionListener, org.springframework.boot.test.mock.mockito.MockitoTestExecutionListener, org.springframework.boot.test.mock.mockito.ResetMocksTestExecutionListener, org.springframework.test.context.web.ServletTestExecutionListener, org.springframework.test.context.support.DirtiesContextBeforeModesTestExecutionListener, org.springframework.test.context.event.ApplicationEventsTestExecutionListener, org.springframework.test.context.support.DependencyInjectionTestExecutionListener, org.springframework.test.context.support.DirtiesContextTestExecutionListener, org.springframework.test.context.transaction.TransactionalTestExecutionListener, org.springframework.test.context.jdbc.SqlScriptsTestExecutionListener, org.springframework.test.context.event.EventPublishingTestExecutionListener]
17:37:17.950 [Test worker] DEBUG org.springframework.boot.test.context.SpringBootTestContextBootstrapper - Skipping candidate TestExecutionListener [org.springframework.test.context.transaction.TransactionalTestExecutionListener] due to a missing dependency. Specify custom listener classes or make the default listener classes and their required dependencies available. Offending class: [org/springframework/transaction/interceptor/TransactionAttributeSource]
17:37:17.950 [Test worker] DEBUG org.springframework.boot.test.context.SpringBootTestContextBootstrapper - Skipping candidate TestExecutionListener [org.springframework.test.context.jdbc.SqlScriptsTestExecutionListener] due to a missing dependency. Specify custom listener classes or make the default listener classes and their required dependencies available. Offending class: [org/springframework/transaction/interceptor/TransactionAttribute]
17:37:17.951 [Test worker] INFO org.springframework.boot.test.context.SpringBootTestContextBootstrapper - Using TestExecutionListeners: [org.springframework.test.context.web.ServletTestExecutionListener@3f792b9b, org.springframework.test.context.support.DirtiesContextBeforeModesTestExecutionListener@7b8233cd, org.springframework.test.context.event.ApplicationEventsTestExecutionListener@4b20ca2b, org.springframework.boot.test.mock.mockito.MockitoTestExecutionListener@1cbf6e72, org.springframework.boot.test.autoconfigure.SpringBootDependencyInjectionTestExecutionListener@6aecbb8d, org.springframework.test.context.support.DirtiesContextTestExecutionListener@1af146, org.springframework.test.context.event.EventPublishingTestExecutionListener@4da602fc, org.springframework.boot.test.autoconfigure.restdocs.RestDocsTestExecutionListener@2a8d39c4, org.springframework.boot.test.autoconfigure.web.client.MockRestServiceServerResetTestExecutionListener@25b2cfcb, org.springframework.boot.test.autoconfigure.web.servlet.MockMvcPrintOnlyOnFailureTestExecutionListener@72758afa, org.springframework.boot.test.autoconfigure.web.servlet.WebDriverTestExecutionListener@fb9c7aa, org.springframework.boot.test.autoconfigure.webservices.client.MockWebServiceServerTestExecutionListener@4c398c80, org.springframework.boot.test.mock.mockito.ResetMocksTestExecutionListener@7fc6de5b]
17:37:17.954 [Test worker] DEBUG org.springframework.test.context.support.AbstractDirtiesContextTestExecutionListener - Before test class: context [DefaultTestContext@73163d48 testClass = SurwayApplicationTests, testInstance = [null], testMethod = [null], testException = [null], mergedContextConfiguration = [WebMergedContextConfiguration@58c34bb3 testClass = SurwayApplicationTests, locations = '{}', classes = '{class htw.berlin.webtech.surway.SurwayApplication}', contextInitializerClasses = '[]', activeProfiles = '{}', propertySourceLocations = '{}', propertySourceProperties = '{org.springframework.boot.test.context.SpringBootTestContextBootstrapper=true}', contextCustomizers = set[org.springframework.boot.test.autoconfigure.actuate.metrics.MetricsExportContextCustomizerFactory$DisableMetricExportContextCustomizer@3370f42, org.springframework.boot.test.autoconfigure.properties.PropertyMappingContextCustomizer@0, org.springframework.boot.test.autoconfigure.web.servlet.WebDriverContextCustomizerFactory$Customizer@479ceda0, org.springframework.boot.test.context.filter.ExcludeFilterContextCustomizer@38ba6ce3, org.springframework.boot.test.json.DuplicateJsonObjectContextCustomizerFactory$DuplicateJsonObjectContextCustomizer@25f4878b, org.springframework.boot.test.mock.mockito.MockitoContextCustomizer@0, org.springframework.boot.test.web.client.TestRestTemplateContextCustomizer@3f67593e, org.springframework.boot.test.context.SpringBootTestArgs@1, org.springframework.boot.test.context.SpringBootTestWebEnvironment@7c9d8e2], resourceBasePath = 'src/main/webapp', contextLoader = 'org.springframework.boot.test.context.SpringBootContextLoader', parent = [null]], attributes = map['org.springframework.test.context.web.ServletTestExecutionListener.activateListener' -> true]], class annotated with @DirtiesContext [false] with mode [null].
17:37:17.976 [Test worker] DEBUG org.springframework.test.context.support.TestPropertySourceUtils - Adding inlined properties to environment: {spring.jmx.enabled=false, org.springframework.boot.test.context.SpringBootTestContextBootstrapper=true}

  .   ____          _            __ _ _
 /\\ / ___'_ __ _ _(_)_ __  __ _ \ \ \ \
( ( )\___ | '_ | '_| | '_ \/ _` | \ \ \ \
 \\/  ___)| |_)| | | | | || (_| |  ) ) ) )
  '  |____| .__|_| |_|_| |_\__, | / / / /
 =========|_|==============|___/=/_/_/_/
 :: Spring Boot ::                (v2.5.6)

2021-11-13 17:37:18.185  INFO 73275 --- [    Test worker] h.b.w.surway.SurwayApplicationTests      : Starting SurwayApplicationTests using Java 14.0.2 on MacBook-Pro.fritz.box with PID 73275 (started by martinkaehne in /Users/martinkaehne/surway)
2021-11-13 17:37:18.187  INFO 73275 --- [    Test worker] h.b.w.surway.SurwayApplicationTests      : No active profile set, falling back to default profiles: default
2021-11-13 17:37:19.056  INFO 73275 --- [    Test worker] o.s.b.a.w.s.WelcomePageHandlerMapping    : Adding welcome page: class path resource [static/index.html]
2021-11-13 17:37:19.233  INFO 73275 --- [    Test worker] h.b.w.surway.SurwayApplicationTests      : Started SurwayApplicationTests in 1.251 seconds (JVM running for 2.154)
]]></system-out>
  <system-err><![CDATA[]]></system-err>
</testsuite>
