<?xml version="1.0" encoding="UTF-8"?>
<testsuite name="htw.berlin.webtech.surway.SurwayApplicationTests" tests="1" skipped="0" failures="0" errors="0" timestamp="2021-10-21T17:43:25" hostname="MacBook-Pro.fritz.box" time="0.356">
  <properties/>
  <testcase name="contextLoads()" classname="htw.berlin.webtech.surway.SurwayApplicationTests" time="0.356"/>
  <system-out><![CDATA[19:43:24.191 [Test worker] DEBUG org.springframework.test.context.BootstrapUtils - Instantiating CacheAwareContextLoaderDelegate from class [org.springframework.test.context.cache.DefaultCacheAwareContextLoaderDelegate]
19:43:24.202 [Test worker] DEBUG org.springframework.test.context.BootstrapUtils - Instantiating BootstrapContext using constructor [public org.springframework.test.context.support.DefaultBootstrapContext(java.lang.Class,org.springframework.test.context.CacheAwareContextLoaderDelegate)]
19:43:24.232 [Test worker] DEBUG org.springframework.test.context.BootstrapUtils - Instantiating TestContextBootstrapper for test class [htw.berlin.webtech.surway.SurwayApplicationTests] from class [org.springframework.boot.test.context.SpringBootTestContextBootstrapper]
19:43:24.241 [Test worker] INFO org.springframework.boot.test.context.SpringBootTestContextBootstrapper - Neither @ContextConfiguration nor @ContextHierarchy found for test class [htw.berlin.webtech.surway.SurwayApplicationTests], using SpringBootContextLoader
19:43:24.246 [Test worker] DEBUG org.springframework.test.context.support.AbstractContextLoader - Did not detect default resource location for test class [htw.berlin.webtech.surway.SurwayApplicationTests]: class path resource [htw/berlin/webtech/surway/SurwayApplicationTests-context.xml] does not exist
19:43:24.246 [Test worker] DEBUG org.springframework.test.context.support.AbstractContextLoader - Did not detect default resource location for test class [htw.berlin.webtech.surway.SurwayApplicationTests]: class path resource [htw/berlin/webtech/surway/SurwayApplicationTestsContext.groovy] does not exist
19:43:24.247 [Test worker] INFO org.springframework.test.context.support.AbstractContextLoader - Could not detect default resource locations for test class [htw.berlin.webtech.surway.SurwayApplicationTests]: no resource found for suffixes {-context.xml, Context.groovy}.
19:43:24.248 [Test worker] INFO org.springframework.test.context.support.AnnotationConfigContextLoaderUtils - Could not detect default configuration classes for test class [htw.berlin.webtech.surway.SurwayApplicationTests]: SurwayApplicationTests does not declare any static, non-private, non-final, nested classes annotated with @Configuration.
19:43:24.282 [Test worker] DEBUG org.springframework.test.context.support.ActiveProfilesUtils - Could not find an 'annotation declaring class' for annotation type [org.springframework.test.context.ActiveProfiles] and class [htw.berlin.webtech.surway.SurwayApplicationTests]
19:43:24.323 [Test worker] DEBUG org.springframework.context.annotation.ClassPathScanningCandidateComponentProvider - Identified candidate component class: file [/Users/martinkaehne/surway/build/classes/java/main/htw/berlin/webtech/surway/SurwayApplication.class]
19:43:24.324 [Test worker] INFO org.springframework.boot.test.context.SpringBootTestContextBootstrapper - Found @SpringBootConfiguration htw.berlin.webtech.surway.SurwayApplication for test class htw.berlin.webtech.surway.SurwayApplicationTests
19:43:24.401 [Test worker] DEBUG org.springframework.boot.test.context.SpringBootTestContextBootstrapper - @TestExecutionListeners is not present for class [htw.berlin.webtech.surway.SurwayApplicationTests]: using defaults.
19:43:24.402 [Test worker] INFO org.springframework.boot.test.context.SpringBootTestContextBootstrapper - Loaded default TestExecutionListener class names from location [META-INF/spring.factories]: [org.springframework.boot.test.autoconfigure.restdocs.RestDocsTestExecutionListener, org.springframework.boot.test.autoconfigure.web.client.MockRestServiceServerResetTestExecutionListener, org.springframework.boot.test.autoconfigure.web.servlet.MockMvcPrintOnlyOnFailureTestExecutionListener, org.springframework.boot.test.autoconfigure.web.servlet.WebDriverTestExecutionListener, org.springframework.boot.test.autoconfigure.webservices.client.MockWebServiceServerTestExecutionListener, org.springframework.boot.test.mock.mockito.MockitoTestExecutionListener, org.springframework.boot.test.mock.mockito.ResetMocksTestExecutionListener, org.springframework.test.context.web.ServletTestExecutionListener, org.springframework.test.context.support.DirtiesContextBeforeModesTestExecutionListener, org.springframework.test.context.event.ApplicationEventsTestExecutionListener, org.springframework.test.context.support.DependencyInjectionTestExecutionListener, org.springframework.test.context.support.DirtiesContextTestExecutionListener, org.springframework.test.context.transaction.TransactionalTestExecutionListener, org.springframework.test.context.jdbc.SqlScriptsTestExecutionListener, org.springframework.test.context.event.EventPublishingTestExecutionListener]
19:43:24.411 [Test worker] DEBUG org.springframework.boot.test.context.SpringBootTestContextBootstrapper - Skipping candidate TestExecutionListener [org.springframework.test.context.transaction.TransactionalTestExecutionListener] due to a missing dependency. Specify custom listener classes or make the default listener classes and their required dependencies available. Offending class: [org/springframework/transaction/interceptor/TransactionAttributeSource]
19:43:24.412 [Test worker] DEBUG org.springframework.boot.test.context.SpringBootTestContextBootstrapper - Skipping candidate TestExecutionListener [org.springframework.test.context.jdbc.SqlScriptsTestExecutionListener] due to a missing dependency. Specify custom listener classes or make the default listener classes and their required dependencies available. Offending class: [org/springframework/transaction/interceptor/TransactionAttribute]
19:43:24.412 [Test worker] INFO org.springframework.boot.test.context.SpringBootTestContextBootstrapper - Using TestExecutionListeners: [org.springframework.test.context.web.ServletTestExecutionListener@5e81e5ac, org.springframework.test.context.support.DirtiesContextBeforeModesTestExecutionListener@4189d70b, org.springframework.test.context.event.ApplicationEventsTestExecutionListener@3fa2213, org.springframework.boot.test.mock.mockito.MockitoTestExecutionListener@3e7634b9, org.springframework.boot.test.autoconfigure.SpringBootDependencyInjectionTestExecutionListener@6f0b0a5e, org.springframework.test.context.support.DirtiesContextTestExecutionListener@6035b93b, org.springframework.test.context.event.EventPublishingTestExecutionListener@320de594, org.springframework.boot.test.autoconfigure.restdocs.RestDocsTestExecutionListener@3dd1dc90, org.springframework.boot.test.autoconfigure.web.client.MockRestServiceServerResetTestExecutionListener@abf688e, org.springframework.boot.test.autoconfigure.web.servlet.MockMvcPrintOnlyOnFailureTestExecutionListener@478ee483, org.springframework.boot.test.autoconfigure.web.servlet.WebDriverTestExecutionListener@1a7288a3, org.springframework.boot.test.autoconfigure.webservices.client.MockWebServiceServerTestExecutionListener@2974f221, org.springframework.boot.test.mock.mockito.ResetMocksTestExecutionListener@58fe0499]
19:43:24.415 [Test worker] DEBUG org.springframework.test.context.support.AbstractDirtiesContextTestExecutionListener - Before test class: context [DefaultTestContext@60a2630a testClass = SurwayApplicationTests, testInstance = [null], testMethod = [null], testException = [null], mergedContextConfiguration = [WebMergedContextConfiguration@29df4d43 testClass = SurwayApplicationTests, locations = '{}', classes = '{class htw.berlin.webtech.surway.SurwayApplication}', contextInitializerClasses = '[]', activeProfiles = '{}', propertySourceLocations = '{}', propertySourceProperties = '{org.springframework.boot.test.context.SpringBootTestContextBootstrapper=true}', contextCustomizers = set[org.springframework.boot.test.autoconfigure.actuate.metrics.MetricsExportContextCustomizerFactory$DisableMetricExportContextCustomizer@1672fe87, org.springframework.boot.test.autoconfigure.properties.PropertyMappingContextCustomizer@0, org.springframework.boot.test.autoconfigure.web.servlet.WebDriverContextCustomizerFactory$Customizer@6c0d7c83, org.springframework.boot.test.context.filter.ExcludeFilterContextCustomizer@4f6f416f, org.springframework.boot.test.json.DuplicateJsonObjectContextCustomizerFactory$DuplicateJsonObjectContextCustomizer@48793bef, org.springframework.boot.test.mock.mockito.MockitoContextCustomizer@0, org.springframework.boot.test.web.client.TestRestTemplateContextCustomizer@7ceb3185, org.springframework.boot.test.context.SpringBootTestArgs@1, org.springframework.boot.test.context.SpringBootTestWebEnvironment@2362f559], resourceBasePath = 'src/main/webapp', contextLoader = 'org.springframework.boot.test.context.SpringBootContextLoader', parent = [null]], attributes = map['org.springframework.test.context.web.ServletTestExecutionListener.activateListener' -> true]], class annotated with @DirtiesContext [false] with mode [null].
19:43:24.438 [Test worker] DEBUG org.springframework.test.context.support.TestPropertySourceUtils - Adding inlined properties to environment: {spring.jmx.enabled=false, org.springframework.boot.test.context.SpringBootTestContextBootstrapper=true}

  .   ____          _            __ _ _
 /\\ / ___'_ __ _ _(_)_ __  __ _ \ \ \ \
( ( )\___ | '_ | '_| | '_ \/ _` | \ \ \ \
 \\/  ___)| |_)| | | | | || (_| |  ) ) ) )
  '  |____| .__|_| |_|_| |_\__, | / / / /
 =========|_|==============|___/=/_/_/_/
 :: Spring Boot ::                (v2.5.6)

2021-10-21 19:43:24.682  INFO 4609 --- [    Test worker] h.b.w.surway.SurwayApplicationTests      : Starting SurwayApplicationTests using Java 14.0.2 on MacBook-Pro.fritz.box with PID 4609 (started by martinkaehne in /Users/martinkaehne/surway)
2021-10-21 19:43:24.684  INFO 4609 --- [    Test worker] h.b.w.surway.SurwayApplicationTests      : No active profile set, falling back to default profiles: default
2021-10-21 19:43:25.845  INFO 4609 --- [    Test worker] h.b.w.surway.SurwayApplicationTests      : Started SurwayApplicationTests in 1.4 seconds (JVM running for 2.294)
]]></system-out>
  <system-err><![CDATA[]]></system-err>
</testsuite>
