<?xml version="1.0" encoding="UTF-8"?>
<testsuite name="htw.berlin.webtech.surway.service.SurveyServiceTest" tests="1" skipped="0" failures="0" errors="0" timestamp="2022-01-11T20:21:10" hostname="MacBook-Pro.fritz.box" time="0.611">
  <properties/>
  <testcase name="should return true if delete was successful" classname="htw.berlin.webtech.surway.service.SurveyServiceTest" time="0.611"/>
  <system-out><![CDATA[]]></system-out>
  <system-err><![CDATA[]]></system-err>
</testsuite>
