<?xml version="1.0" encoding="UTF-8"?>
<testsuite name="htw.berlin.webtech.surway.SurwayApplicationTests" tests="1" skipped="0" failures="0" errors="0" timestamp="2021-11-13T20:34:24" hostname="MacBook-Pro.fritz.box" time="0.152">
  <properties/>
  <testcase name="contextLoads()" classname="htw.berlin.webtech.surway.SurwayApplicationTests" time="0.152"/>
  <system-out><![CDATA[21:34:21.011 [Test worker] DEBUG org.springframework.test.context.BootstrapUtils - Instantiating CacheAwareContextLoaderDelegate from class [org.springframework.test.context.cache.DefaultCacheAwareContextLoaderDelegate]
21:34:21.025 [Test worker] DEBUG org.springframework.test.context.BootstrapUtils - Instantiating BootstrapContext using constructor [public org.springframework.test.context.support.DefaultBootstrapContext(java.lang.Class,org.springframework.test.context.CacheAwareContextLoaderDelegate)]
21:34:21.064 [Test worker] DEBUG org.springframework.test.context.BootstrapUtils - Instantiating TestContextBootstrapper for test class [htw.berlin.webtech.surway.SurwayApplicationTests] from class [org.springframework.boot.test.context.SpringBootTestContextBootstrapper]
21:34:21.080 [Test worker] INFO org.springframework.boot.test.context.SpringBootTestContextBootstrapper - Neither @ContextConfiguration nor @ContextHierarchy found for test class [htw.berlin.webtech.surway.SurwayApplicationTests], using SpringBootContextLoader
21:34:21.087 [Test worker] DEBUG org.springframework.test.context.support.AbstractContextLoader - Did not detect default resource location for test class [htw.berlin.webtech.surway.SurwayApplicationTests]: class path resource [htw/berlin/webtech/surway/SurwayApplicationTests-context.xml] does not exist
21:34:21.088 [Test worker] DEBUG org.springframework.test.context.support.AbstractContextLoader - Did not detect default resource location for test class [htw.berlin.webtech.surway.SurwayApplicationTests]: class path resource [htw/berlin/webtech/surway/SurwayApplicationTestsContext.groovy] does not exist
21:34:21.088 [Test worker] INFO org.springframework.test.context.support.AbstractContextLoader - Could not detect default resource locations for test class [htw.berlin.webtech.surway.SurwayApplicationTests]: no resource found for suffixes {-context.xml, Context.groovy}.
21:34:21.089 [Test worker] INFO org.springframework.test.context.support.AnnotationConfigContextLoaderUtils - Could not detect default configuration classes for test class [htw.berlin.webtech.surway.SurwayApplicationTests]: SurwayApplicationTests does not declare any static, non-private, non-final, nested classes annotated with @Configuration.
21:34:21.142 [Test worker] DEBUG org.springframework.test.context.support.ActiveProfilesUtils - Could not find an 'annotation declaring class' for annotation type [org.springframework.test.context.ActiveProfiles] and class [htw.berlin.webtech.surway.SurwayApplicationTests]
21:34:21.213 [Test worker] DEBUG org.springframework.context.annotation.ClassPathScanningCandidateComponentProvider - Identified candidate component class: file [/Users/martinkaehne/surway/build/classes/java/main/htw/berlin/webtech/surway/SurwayApplication.class]
21:34:21.214 [Test worker] INFO org.springframework.boot.test.context.SpringBootTestContextBootstrapper - Found @SpringBootConfiguration htw.berlin.webtech.surway.SurwayApplication for test class htw.berlin.webtech.surway.SurwayApplicationTests
21:34:21.314 [Test worker] DEBUG org.springframework.boot.test.context.SpringBootTestContextBootstrapper - @TestExecutionListeners is not present for class [htw.berlin.webtech.surway.SurwayApplicationTests]: using defaults.
21:34:21.314 [Test worker] INFO org.springframework.boot.test.context.SpringBootTestContextBootstrapper - Loaded default TestExecutionListener class names from location [META-INF/spring.factories]: [org.springframework.boot.test.autoconfigure.restdocs.RestDocsTestExecutionListener, org.springframework.boot.test.autoconfigure.web.client.MockRestServiceServerResetTestExecutionListener, org.springframework.boot.test.autoconfigure.web.servlet.MockMvcPrintOnlyOnFailureTestExecutionListener, org.springframework.boot.test.autoconfigure.web.servlet.WebDriverTestExecutionListener, org.springframework.boot.test.autoconfigure.webservices.client.MockWebServiceServerTestExecutionListener, org.springframework.boot.test.mock.mockito.MockitoTestExecutionListener, org.springframework.boot.test.mock.mockito.ResetMocksTestExecutionListener, org.springframework.test.context.web.ServletTestExecutionListener, org.springframework.test.context.support.DirtiesContextBeforeModesTestExecutionListener, org.springframework.test.context.event.ApplicationEventsTestExecutionListener, org.springframework.test.context.support.DependencyInjectionTestExecutionListener, org.springframework.test.context.support.DirtiesContextTestExecutionListener, org.springframework.test.context.transaction.TransactionalTestExecutionListener, org.springframework.test.context.jdbc.SqlScriptsTestExecutionListener, org.springframework.test.context.event.EventPublishingTestExecutionListener]
21:34:21.334 [Test worker] INFO org.springframework.boot.test.context.SpringBootTestContextBootstrapper - Using TestExecutionListeners: [org.springframework.test.context.web.ServletTestExecutionListener@ed3068a, org.springframework.test.context.support.DirtiesContextBeforeModesTestExecutionListener@7c2b6087, org.springframework.test.context.event.ApplicationEventsTestExecutionListener@3fffff43, org.springframework.boot.test.mock.mockito.MockitoTestExecutionListener@a8e6492, org.springframework.boot.test.autoconfigure.SpringBootDependencyInjectionTestExecutionListener@1c7fd41f, org.springframework.test.context.support.DirtiesContextTestExecutionListener@3b77a04f, org.springframework.test.context.transaction.TransactionalTestExecutionListener@7b324585, org.springframework.test.context.jdbc.SqlScriptsTestExecutionListener@2e11485, org.springframework.test.context.event.EventPublishingTestExecutionListener@60dce7ea, org.springframework.boot.test.autoconfigure.restdocs.RestDocsTestExecutionListener@662f5666, org.springframework.boot.test.autoconfigure.web.client.MockRestServiceServerResetTestExecutionListener@fd8294b, org.springframework.boot.test.autoconfigure.web.servlet.MockMvcPrintOnlyOnFailureTestExecutionListener@5974109, org.springframework.boot.test.autoconfigure.web.servlet.WebDriverTestExecutionListener@27305e6, org.springframework.boot.test.autoconfigure.webservices.client.MockWebServiceServerTestExecutionListener@1ef3efa8, org.springframework.boot.test.mock.mockito.ResetMocksTestExecutionListener@502f1f4c]
21:34:21.337 [Test worker] DEBUG org.springframework.test.context.support.AbstractDirtiesContextTestExecutionListener - Before test class: context [DefaultTestContext@40499e4f testClass = SurwayApplicationTests, testInstance = [null], testMethod = [null], testException = [null], mergedContextConfiguration = [WebMergedContextConfiguration@51cd7ffc testClass = SurwayApplicationTests, locations = '{}', classes = '{class htw.berlin.webtech.surway.SurwayApplication}', contextInitializerClasses = '[]', activeProfiles = '{}', propertySourceLocations = '{}', propertySourceProperties = '{org.springframework.boot.test.context.SpringBootTestContextBootstrapper=true}', contextCustomizers = set[org.springframework.boot.test.autoconfigure.actuate.metrics.MetricsExportContextCustomizerFactory$DisableMetricExportContextCustomizer@3f67593e, org.springframework.boot.test.autoconfigure.properties.PropertyMappingContextCustomizer@0, org.springframework.boot.test.autoconfigure.web.servlet.WebDriverContextCustomizerFactory$Customizer@600b9d27, org.springframework.boot.test.context.filter.ExcludeFilterContextCustomizer@345f69f3, org.springframework.boot.test.json.DuplicateJsonObjectContextCustomizerFactory$DuplicateJsonObjectContextCustomizer@1e8b7643, org.springframework.boot.test.mock.mockito.MockitoContextCustomizer@0, org.springframework.boot.test.web.client.TestRestTemplateContextCustomizer@1efe439d, org.springframework.boot.test.context.SpringBootTestArgs@1, org.springframework.boot.test.context.SpringBootTestWebEnvironment@7494f96a], resourceBasePath = 'src/main/webapp', contextLoader = 'org.springframework.boot.test.context.SpringBootContextLoader', parent = [null]], attributes = map['org.springframework.test.context.web.ServletTestExecutionListener.activateListener' -> true]], class annotated with @DirtiesContext [false] with mode [null].
21:34:21.374 [Test worker] DEBUG org.springframework.test.context.support.TestPropertySourceUtils - Adding inlined properties to environment: {spring.jmx.enabled=false, org.springframework.boot.test.context.SpringBootTestContextBootstrapper=true}

  .   ____          _            __ _ _
 /\\ / ___'_ __ _ _(_)_ __  __ _ \ \ \ \
( ( )\___ | '_ | '_| | '_ \/ _` | \ \ \ \
 \\/  ___)| |_)| | | | | || (_| |  ) ) ) )
  '  |____| .__|_| |_|_| |_\__, | / / / /
 =========|_|==============|___/=/_/_/_/
 :: Spring Boot ::                (v2.5.6)

2021-11-13 21:34:21.733  INFO 74944 --- [    Test worker] h.b.w.surway.SurwayApplicationTests      : Starting SurwayApplicationTests using Java 14.0.2 on MacBook-Pro.fritz.box with PID 74944 (started by martinkaehne in /Users/martinkaehne/surway)
2021-11-13 21:34:21.734  INFO 74944 --- [    Test worker] h.b.w.surway.SurwayApplicationTests      : No active profile set, falling back to default profiles: default
2021-11-13 21:34:22.386  INFO 74944 --- [    Test worker] .s.d.r.c.RepositoryConfigurationDelegate : Bootstrapping Spring Data JPA repositories in DEFAULT mode.
2021-11-13 21:34:22.399  INFO 74944 --- [    Test worker] .s.d.r.c.RepositoryConfigurationDelegate : Finished Spring Data repository scanning in 5 ms. Found 0 JPA repository interfaces.
2021-11-13 21:34:22.962  INFO 74944 --- [    Test worker] com.zaxxer.hikari.HikariDataSource       : HikariPool-1 - Starting...
2021-11-13 21:34:23.163  INFO 74944 --- [    Test worker] com.zaxxer.hikari.HikariDataSource       : HikariPool-1 - Start completed.
2021-11-13 21:34:23.243  INFO 74944 --- [    Test worker] o.hibernate.jpa.internal.util.LogHelper  : HHH000204: Processing PersistenceUnitInfo [name: default]
2021-11-13 21:34:23.342  INFO 74944 --- [    Test worker] org.hibernate.Version                    : HHH000412: Hibernate ORM core version 5.4.32.Final
2021-11-13 21:34:23.557  INFO 74944 --- [    Test worker] o.hibernate.annotations.common.Version   : HCANN000001: Hibernate Commons Annotations {5.1.2.Final}
2021-11-13 21:34:23.697  INFO 74944 --- [    Test worker] org.hibernate.dialect.Dialect            : HHH000400: Using dialect: org.hibernate.dialect.H2Dialect
2021-11-13 21:34:24.263  INFO 74944 --- [    Test worker] o.h.e.t.j.p.i.JtaPlatformInitiator       : HHH000490: Using JtaPlatform implementation: [org.hibernate.engine.transaction.jta.platform.internal.NoJtaPlatform]
2021-11-13 21:34:24.271  INFO 74944 --- [    Test worker] j.LocalContainerEntityManagerFactoryBean : Initialized JPA EntityManagerFactory for persistence unit 'default'
2021-11-13 21:34:24.456  WARN 74944 --- [    Test worker] JpaBaseConfiguration$JpaWebConfiguration : spring.jpa.open-in-view is enabled by default. Therefore, database queries may be performed during view rendering. Explicitly configure spring.jpa.open-in-view to disable this warning
2021-11-13 21:34:24.719  INFO 74944 --- [    Test worker] o.s.b.a.w.s.WelcomePageHandlerMapping    : Adding welcome page: class path resource [static/index.html]
2021-11-13 21:34:24.945  INFO 74944 --- [    Test worker] h.b.w.surway.SurwayApplicationTests      : Started SurwayApplicationTests in 3.562 seconds (JVM running for 4.696)
]]></system-out>
  <system-err><![CDATA[]]></system-err>
</testsuite>
